19570592315090098879365 LiveUpdate 2017-10-26 09:24:47 RUN_MODE=SANDBOX
19570592315090098879365 LiveUpdate 2017-10-26 09:24:47 MERCHANT=PUBLICTESTHUF
19570592315090098879365 LiveUpdate 2017-10-26 09:24:47 ORDER_REF=19570592315090098879365
19570592315090098879365 LiveUpdate 2017-10-26 09:24:47 ORDER_DATE=2017-10-26 09:24:47
19570592315090098879365 LiveUpdate 2017-10-26 09:24:47 ORDER_PNAME=Lorem 1
19570592315090098879365 LiveUpdate 2017-10-26 09:24:47 ORDER_PCODE=sku0001
19570592315090098879365 LiveUpdate 2017-10-26 09:24:47 ORDER_PINFO=ÁRVÍZTŰRŐ TÜKÖRFÚRÓGÉP
19570592315090098879365 LiveUpdate 2017-10-26 09:24:47 ORDER_PRICE=825
19570592315090098879365 LiveUpdate 2017-10-26 09:24:47 ORDER_QTY=1
19570592315090098879365 LiveUpdate 2017-10-26 09:24:47 ORDER_VAT=0
19570592315090098879365 LiveUpdate 2017-10-26 09:24:47 PRICES_CURRENCY=HUF
19570592315090098879365 LiveUpdate 2017-10-26 09:24:47 ORDER_SHIPPING=0
19570592315090098879365 LiveUpdate 2017-10-26 09:24:47 DISCOUNT=0
19570592315090098879365 LiveUpdate 2017-10-26 09:24:47 PAY_METHOD=CCVISAMC
19570592315090098879365 LiveUpdate 2017-10-26 09:24:47 LANGUAGE=HU
19570592315090098879365 LiveUpdate 2017-10-26 09:24:47 ORDER_TIMEOUT=300
19570592315090098879365 LiveUpdate 2017-10-26 09:24:47 TIMEOUT_URL=mmsz-dev.peaceful.hu/simplepay/timeout.php
19570592315090098879365 LiveUpdate 2017-10-26 09:24:47 BACK_REF=mmsz-dev.peaceful.hu/simplepay/backref.php
19570592315090098879365 LiveUpdate 2017-10-26 09:24:47 BILL_FNAME=MMSZ
19570592315090098879365 LiveUpdate 2017-10-26 09:24:47 BILL_LNAME=SimplePay
19570592315090098879365 LiveUpdate 2017-10-26 09:24:47 BILL_EMAIL=simplepay@peaceful.hu
19570592315090098879365 LiveUpdate 2017-10-26 09:24:47 BILL_PHONE=36201234567
19570592315090098879365 LiveUpdate 2017-10-26 09:24:47 BILL_ADDRESS=Buzogány u. 7. II/6
19570592315090098879365 LiveUpdate 2017-10-26 09:24:47 BILL_ZIPCODE=1149
19570592315090098879365 LiveUpdate 2017-10-26 09:24:47 BILL_CITY=Budapest
19570592315090098879365 LiveUpdate 2017-10-26 09:24:47 BILL_STATE=Magyarország
19570592315090098879365 LiveUpdate 2017-10-26 09:24:47 BILL_COUNTRYCODE=HU
19570592315090098879365 LiveUpdate 2017-10-26 09:24:47 DELIVERY_FNAME=Tester
19570592315090098879365 LiveUpdate 2017-10-26 09:24:47 DELIVERY_LNAME=SimplePay
19570592315090098879365 LiveUpdate 2017-10-26 09:24:47 DELIVERY_PHONE=36201234567
19570592315090098879365 LiveUpdate 2017-10-26 09:24:47 DELIVERY_ADDRESS=First line address
19570592315090098879365 LiveUpdate 2017-10-26 09:24:47 DELIVERY_ZIPCODE=1234
19570592315090098879365 LiveUpdate 2017-10-26 09:24:47 DELIVERY_CITY=City
19570592315090098879365 LiveUpdate 2017-10-26 09:24:47 DELIVERY_STATE=State
19570592315090098879365 LiveUpdate 2017-10-26 09:24:47 DELIVERY_COUNTRYCODE=HU
19570592315090098879365 LiveUpdate 2017-10-26 09:24:47 ORDER_HASH=18b1fbc2e3c004a028e1c3b689a15072
